<?xml version="1.0" encoding="UTF-8"?>
<!-- Generated by org.testng.reporters.JUnitReportReporter -->
<testsuite hostname="DESKTOP-HO4UU37" failures="0" tests="2" name="Test.E2EJohnLewisNavigation" time="73.958" errors="0" timestamp="07 Aug 2019 21:59:20 GMT" skipped="0">
  <testcase classname="Test.E2EJohnLewisNavigation" name="VerifyHomePage" time="71.774"/>
  <testcase classname="Test.E2EJohnLewisNavigation" name="verifyReviewPage" time="2.184"/>
</testsuite> <!-- Test.E2EJohnLewisNavigation -->
